# JRE version: OpenJDK Runtime Environment (21.0.8) (build 21.0.8+-14196175-b1038.72)
# Java VM: OpenJDK 64-Bit Server VM (21.0.8+-14196175-b1038.72, mixed mode, tiered, compressed oops, compressed class ptrs, g1 gc, windows-amd64)
GC Precious Log:
 CardTable entry size: 512
 Card Set container configuration: InlinePtr #cards 4 size 8 Array Of Cards #cards 16 size 48 Howl #buckets 8 coarsen threshold 3686 Howl Bitmap #cards 512 size 80 coarsen threshold 460 Card regions per heap region 1 cards per card region 4096
 CPUs: 8 total, 8 available
 Memory: 16295M
 Large Page Support: Disabled
 NUMA Support: Disabled
 Compressed Oops: Enabled (Zero based)
 Heap Region Size: 2M
 Heap Min Capacity: 8M
 Heap Initial Capacity: 256M
 Heap Max Capacity: 4074M
 Pre-touch: Disabled
 Parallel Workers: 8
 Concurrent Workers: 2
 Concurrent Refinement Workers: 8
 Periodic GC: Disabled
Heap:
 garbage-first heap   total 169984K, used 141716K [0x0000000701600000, 0x0000000800000000)
  region size 2048K, 26 young (53248K), 5 survivors (10240K)
 Metaspace       used 83256K, committed 84096K, reserved 1179648K
  class space    used 9206K, committed 9600K, reserved 1048576K
GC Heap History (20 events):
Event: 14.818 GC heap before
{Heap before GC invocations=19 (full 0):
 garbage-first heap   total 100352K, used 86323K [0x0000000701600000, 0x0000000800000000)
  region size 2048K, 18 young (36864K), 3 survivors (6144K)
 Metaspace       used 54128K, committed 54848K, reserved 1114112K
  class space    used 6516K, committed 6848K, reserved 1048576K
}
Event: 14.836 GC heap after
{Heap after GC invocations=20 (full 0):
 garbage-first heap   total 100352K, used 59206K [0x0000000701600000, 0x0000000800000000)
  region size 2048K, 2 young (4096K), 2 survivors (4096K)
 Metaspace       used 54128K, committed 54848K, reserved 1114112K
  class space    used 6516K, committed 6848K, reserved 1048576K
}
Event: 15.753 GC heap before
{Heap before GC invocations=20 (full 0):
 garbage-first heap   total 100352K, used 87878K [0x0000000701600000, 0x0000000800000000)
  region size 2048K, 16 young (32768K), 2 survivors (4096K)
 Metaspace       used 55109K, committed 55808K, reserved 1114112K
  class space    used 6550K, committed 6912K, reserved 1048576K
}
Event: 15.772 GC heap after
{Heap after GC invocations=21 (full 0):
 garbage-first heap   total 120832K, used 63978K [0x0000000701600000, 0x0000000800000000)
  region size 2048K, 2 young (4096K), 2 survivors (4096K)
 Metaspace       used 55109K, committed 55808K, reserved 1114112K
  class space    used 6550K, committed 6912K, reserved 1048576K
}
Event: 16.853 GC heap before
{Heap before GC invocations=21 (full 0):
 garbage-first heap   total 120832K, used 104938K [0x0000000701600000, 0x0000000800000000)
  region size 2048K, 22 young (45056K), 2 survivors (4096K)
 Metaspace       used 57822K, committed 58496K, reserved 1114112K
  class space    used 6879K, committed 7232K, reserved 1048576K
}
Event: 16.869 GC heap after
{Heap after GC invocations=22 (full 0):
 garbage-first heap   total 120832K, used 70679K [0x0000000701600000, 0x0000000800000000)
  region size 2048K, 3 young (6144K), 3 survivors (6144K)
 Metaspace       used 57822K, committed 58496K, reserved 1114112K
  class space    used 6879K, committed 7232K, reserved 1048576K
}
Event: 17.574 GC heap before
{Heap before GC invocations=23 (full 0):
 garbage-first heap   total 120832K, used 103447K [0x0000000701600000, 0x0000000800000000)
  region size 2048K, 20 young (40960K), 3 survivors (6144K)
 Metaspace       used 59459K, committed 60160K, reserved 1114112K
  class space    used 7045K, committed 7360K, reserved 1048576K
}
Event: 17.597 GC heap after
{Heap after GC invocations=24 (full 0):
 garbage-first heap   total 120832K, used 74066K [0x0000000701600000, 0x0000000800000000)
  region size 2048K, 3 young (6144K), 3 survivors (6144K)
 Metaspace       used 59459K, committed 60160K, reserved 1114112K
  class space    used 7045K, committed 7360K, reserved 1048576K
}
Event: 18.931 GC heap before
{Heap before GC invocations=24 (full 0):
 garbage-first heap   total 120832K, used 104786K [0x0000000701600000, 0x0000000800000000)
  region size 2048K, 18 young (36864K), 3 survivors (6144K)
 Metaspace       used 60772K, committed 61440K, reserved 1114112K
  class space    used 7101K, committed 7424K, reserved 1048576K
}
Event: 18.948 GC heap after
{Heap after GC invocations=25 (full 0):
 garbage-first heap   total 120832K, used 78330K [0x0000000701600000, 0x0000000800000000)
  region size 2048K, 3 young (6144K), 3 survivors (6144K)
 Metaspace       used 60772K, committed 61440K, reserved 1114112K
  class space    used 7101K, committed 7424K, reserved 1048576K
}
Event: 19.934 GC heap before
{Heap before GC invocations=25 (full 0):
 garbage-first heap   total 120832K, used 104954K [0x0000000701600000, 0x0000000800000000)
  region size 2048K, 16 young (32768K), 3 survivors (6144K)
 Metaspace       used 61878K, committed 62592K, reserved 1114112K
  class space    used 7142K, committed 7488K, reserved 1048576K
}
Event: 19.949 GC heap after
{Heap after GC invocations=26 (full 0):
 garbage-first heap   total 120832K, used 81318K [0x0000000701600000, 0x0000000800000000)
  region size 2048K, 2 young (4096K), 2 survivors (4096K)
 Metaspace       used 61878K, committed 62592K, reserved 1114112K
  class space    used 7142K, committed 7488K, reserved 1048576K
}
Event: 21.208 GC heap before
{Heap before GC invocations=27 (full 0):
 garbage-first heap   total 141312K, used 105894K [0x0000000701600000, 0x0000000800000000)
  region size 2048K, 14 young (28672K), 2 survivors (4096K)
 Metaspace       used 62422K, committed 63104K, reserved 1114112K
  class space    used 7156K, committed 7488K, reserved 1048576K
}
Event: 21.216 GC heap after
{Heap after GC invocations=28 (full 0):
 garbage-first heap   total 141312K, used 83775K [0x0000000701600000, 0x0000000800000000)
  region size 2048K, 2 young (4096K), 2 survivors (4096K)
 Metaspace       used 62422K, committed 63104K, reserved 1114112K
  class space    used 7156K, committed 7488K, reserved 1048576K
}
Event: 22.364 GC heap before
{Heap before GC invocations=28 (full 0):
 garbage-first heap   total 141312K, used 124735K [0x0000000701600000, 0x0000000800000000)
  region size 2048K, 22 young (45056K), 2 survivors (4096K)
 Metaspace       used 67222K, committed 67904K, reserved 1114112K
  class space    used 7621K, committed 7936K, reserved 1048576K
}
Event: 22.383 GC heap after
{Heap after GC invocations=29 (full 0):
 garbage-first heap   total 141312K, used 85604K [0x0000000701600000, 0x0000000800000000)
  region size 2048K, 3 young (6144K), 3 survivors (6144K)
 Metaspace       used 67222K, committed 67904K, reserved 1114112K
  class space    used 7621K, committed 7936K, reserved 1048576K
}
Event: 23.369 GC heap before
{Heap before GC invocations=29 (full 0):
 garbage-first heap   total 141312K, used 124516K [0x0000000701600000, 0x0000000800000000)
  region size 2048K, 22 young (45056K), 3 survivors (6144K)
 Metaspace       used 72362K, committed 73088K, reserved 1114112K
  class space    used 8154K, committed 8512K, reserved 1048576K
}
Event: 23.384 GC heap after
{Heap after GC invocations=30 (full 0):
 garbage-first heap   total 169984K, used 90089K [0x0000000701600000, 0x0000000800000000)
  region size 2048K, 3 young (6144K), 3 survivors (6144K)
 Metaspace       used 72362K, committed 73088K, reserved 1114112K
  class space    used 8154K, committed 8512K, reserved 1048576K
}
Event: 24.848 GC heap before
{Heap before GC invocations=31 (full 0):
 garbage-first heap   total 169984K, used 151529K [0x0000000701600000, 0x0000000800000000)
  region size 2048K, 33 young (67584K), 3 survivors (6144K)
 Metaspace       used 76420K, committed 77248K, reserved 1179648K
  class space    used 8601K, committed 8960K, reserved 1048576K
}
Event: 24.879 GC heap after
{Heap after GC invocations=32 (full 0):
 garbage-first heap   total 169984K, used 100756K [0x0000000701600000, 0x0000000800000000)
  region size 2048K, 5 young (10240K), 5 survivors (10240K)
 Metaspace       used 76420K, committed 77248K, reserved 1179648K
  class space    used 8601K, committed 8960K, reserved 1048576K
}

